#
# There is insufficient memory for the Java Runtime Environment to continue.
# Native memory allocation (malloc) failed to allocate 2231536 bytes for Chunk::new
# Possible reasons:
#   The system is out of physical RAM or swap space
#   In 32 bit mode, the process size limit was hit
# Possible solutions:
#   Reduce memory load on the system
#   Increase physical memory or swap space
#   Check if swap backing store is full
#   Use 64 bit Java on a 64 bit OS
#   Decrease Java heap size (-Xmx/-Xms)
#   Decrease number of Java threads
#   Decrease Java thread stack sizes (-Xss)
#   Set larger code cache with -XX:ReservedCodeCacheSize=
# This output file may be truncated or incomplete.
#
#  Out of Memory Error (allocation.cpp:390), pid=21932, tid=0x0000000000005e68
#
# JRE version: Java(TM) SE Runtime Environment (8.0_152-b16) (build 1.8.0_152-b16)
# Java VM: Java HotSpot(TM) 64-Bit Server VM (25.152-b16 mixed mode windows-amd64 compressed oops)
# Failed to write core dump. Minidumps are not enabled by default on client versions of Windows
#

---------------  T H R E A D  ---------------

Current thread (0x00000000167a3000):  JavaThread "C2 CompilerThread5" daemon [_thread_in_native, id=24168, stack(0x0000000018c00000,0x0000000018d00000)]

Stack: [0x0000000018c00000,0x0000000018d00000]
[error occurred during error reporting (printing stack bounds), id 0xc0000005]

Native frames: (J=compiled Java code, j=interpreted, Vv=VM code, C=native code)


Current CompileTask:
C2:   7925 4705       4       java.net.URLClassLoader$1::run (5 bytes)


---------------  P R O C E S S  ---------------

Java Threads: ( => current thread )
  0x0000000019d95800 JavaThread "/127.0.0.1:8069 to /127.0.0.1:8058 workers Thread 3" [_thread_in_native, id=33816, stack(0x000000001b0d0000,0x000000001b1d0000)]
  0x000000001a195000 JavaThread "/127.0.0.1:8069 to /127.0.0.1:8058 workers Thread 2" [_thread_blocked, id=33632, stack(0x000000001afd0000,0x000000001b0d0000)]
  0x0000000019c78000 JavaThread "Test worker" [_thread_in_Java, id=36488, stack(0x000000001aed0000,0x000000001afd0000)]
  0x00000000167f0000 JavaThread "Service Thread" daemon [_thread_blocked, id=2532, stack(0x0000000019400000,0x0000000019500000)]
  0x0000000016849000 JavaThread "C1 CompilerThread11" daemon [_thread_in_native, id=28284, stack(0x0000000019300000,0x0000000019400000)]
  0x00000000167ec000 JavaThread "C1 CompilerThread10" daemon [_thread_in_native, id=36144, stack(0x0000000019200000,0x0000000019300000)]
  0x00000000167db000 JavaThread "C1 CompilerThread9" daemon [_thread_in_native, id=38284, stack(0x0000000019000000,0x0000000019100000)]
  0x00000000167b2800 JavaThread "C1 CompilerThread8" daemon [_thread_in_vm, id=22108, stack(0x0000000018f00000,0x0000000019000000)]
  0x00000000167a8800 JavaThread "C2 CompilerThread7" daemon [_thread_blocked, id=29108, stack(0x0000000018e00000,0x0000000018f00000)]
  0x00000000167a8000 JavaThread "C2 CompilerThread6" daemon [_thread_in_native, id=34948, stack(0x0000000018d00000,0x0000000018e00000)]
=>0x00000000167a3000 JavaThread "C2 CompilerThread5" daemon [_thread_in_native, id=24168, stack(0x0000000018c00000,0x0000000018d00000)]
  0x0000000016788800 JavaThread "C2 CompilerThread4" daemon [_thread_in_native, id=36664, stack(0x0000000018b00000,0x0000000018c00000)]
  0x0000000016788000 JavaThread "C2 CompilerThread3" daemon [_thread_in_native, id=35996, stack(0x0000000018a00000,0x0000000018b00000)]
  0x0000000016786000 JavaThread "C2 CompilerThread2" daemon [_thread_in_native, id=38564, stack(0x0000000018900000,0x0000000018a00000)]
  0x0000000016785800 JavaThread "C2 CompilerThread1" daemon [_thread_blocked, id=38332, stack(0x0000000018800000,0x0000000018900000)]
  0x0000000016782000 JavaThread "C2 CompilerThread0" daemon [_thread_blocked, id=7616, stack(0x0000000018700000,0x0000000018800000)]
  0x0000000016780800 JavaThread "Attach Listener" daemon [_thread_blocked, id=37176, stack(0x0000000018600000,0x0000000018700000)]
  0x000000001676c800 JavaThread "Signal Dispatcher" daemon [_thread_blocked, id=35168, stack(0x0000000018500000,0x0000000018600000)]
  0x00000000166d8800 JavaThread "Finalizer" daemon [_thread_blocked, id=37932, stack(0x0000000018350000,0x0000000018450000)]
  0x0000000014a25800 JavaThread "Reference Handler" daemon [_thread_blocked, id=1532, stack(0x0000000018250000,0x0000000018350000)]
  0x00000000029b2800 JavaThread "main" [_thread_blocked, id=16324, stack(0x00000000028b0000,0x00000000029b0000)]

Other Threads:
  0x00000000166b3800 VMThread [stack: 0x0000000018150000,0x0000000018250000] [id=17060]
  0x000000001685b000 WatcherThread [stack: 0x0000000019500000,0x0000000019600000] [id=32132]

VM state:not at safepoint (normal execution)

VM Mutex/Monitor currently owned by a thread: None

Heap:
 PSYoungGen      total 136704K, used 108797K [0x00000000f5580000, 0x0000000100000000, 0x0000000100000000)
  eden space 125952K, 83% used [0x00000000f5580000,0x00000000fbb9c4f0,0x00000000fd080000)
  from space 10752K, 39% used [0x00000000fd080000,0x00000000fd4a32b0,0x00000000fdb00000)
  to   space 11776K, 0% used [0x00000000ff480000,0x00000000ff480000,0x0000000100000000)
 ParOldGen       total 77824K, used 8194K [0x00000000e0000000, 0x00000000e4c00000, 0x00000000f5580000)
  object space 77824K, 10% used [0x00000000e0000000,0x00000000e08008c8,0x00000000e4c00000)
 Metaspace       used 31432K, capacity 33088K, committed 33152K, reserved 1077248K
  class space    used 4664K, capacity 4990K, committed 4992K, reserved 1048576K

Card table byte_map: [0x0000000011e70000,0x0000000011f80000] byte_map_base: 0x0000000011770000

Marking Bits: (ParMarkBitMap*) 0x0000000074840860
 Begin Bits: [0x0000000012f30000, 0x0000000013730000)
 End Bits:   [0x0000000013730000, 0x0000000013f30000)

Polling page: 0x0000000000bb0000

CodeCache: size=245760Kb used=18823Kb max_used=18823Kb free=226936Kb
 bounds [0x0000000002ab0000, 0x0000000003d20000, 0x0000000011ab0000]
 total_blobs=5534 nmethods=5077 adapters=364
 compilation: enabled

Compilation events (10 events):
Event: 7.920 Thread 0x0000000016849000 5107       3       java.util.concurrent.ConcurrentHashMap$ValueIterator::<init> (12 bytes)
Event: 7.920 Thread 0x0000000016849000 nmethod 5107 0x0000000003cf3150 code [0x0000000003cf32c0, 0x0000000003cf3598]
Event: 7.920 Thread 0x00000000167b2800 nmethod 5106 0x0000000003cf2990 code [0x0000000003cf2b20, 0x0000000003cf2f38]
Event: 7.920 Thread 0x00000000167ec000 nmethod 5105 0x0000000003cf2390 code [0x0000000003cf2500, 0x0000000003cf2830]
Event: 7.920 Thread 0x00000000167db000 5109       3       org.springframework.util.Assert::notNull (14 bytes)
Event: 7.920 Thread 0x00000000167ec000 5108   !   3       org.springframework.beans.AbstractNestablePropertyAccessor::getPropertyValue (953 bytes)
Event: 7.921 Thread 0x00000000167db000 nmethod 5109 0x0000000003cf1f50 code [0x0000000003cf20c0, 0x0000000003cf22c8]
Event: 7.922 Thread 0x00000000167b2800 5110   !   3       org.springframework.beans.BeanWrapperImpl$BeanPropertyHandler::getValue (68 bytes)
Event: 7.923 Thread 0x0000000016849000 5113       3       org.springframework.beans.PropertyEditorRegistrySupport::getCustomEditor (154 bytes)
Event: 7.923 Thread 0x00000000167db000 5111       3       org.assertj.core.internal.StandardComparisonStrategy::areEqual (6 bytes)

GC Heap History (10 events):
Event: 3.756 GC heap before
{Heap before GC invocations=2 (full 0):
 PSYoungGen      total 75776K, used 73404K [0x00000000f5580000, 0x00000000faa00000, 0x0000000100000000)
  eden space 65024K, 100% used [0x00000000f5580000,0x00000000f9500000,0x00000000f9500000)
  from space 10752K, 77% used [0x00000000f9500000,0x00000000f9d2f340,0x00000000f9f80000)
  to   space 10752K, 0% used [0x00000000f9f80000,0x00000000f9f80000,0x00000000faa00000)
 ParOldGen       total 173568K, used 16K [0x00000000e0000000, 0x00000000ea980000, 0x00000000f5580000)
  object space 173568K, 0% used [0x00000000e0000000,0x00000000e0004000,0x00000000ea980000)
 Metaspace       used 18056K, capacity 19316K, committed 19328K, reserved 1067008K
  class space    used 2432K, capacity 2688K, committed 2688K, reserved 1048576K
Event: 3.764 GC heap after
Heap after GC invocations=2 (full 0):
 PSYoungGen      total 75776K, used 10298K [0x00000000f5580000, 0x00000000faa00000, 0x0000000100000000)
  eden space 65024K, 0% used [0x00000000f5580000,0x00000000f5580000,0x00000000f9500000)
  from space 10752K, 95% used [0x00000000f9f80000,0x00000000fa98e8c8,0x00000000faa00000)
  to   space 10752K, 0% used [0x00000000f9500000,0x00000000f9500000,0x00000000f9f80000)
 ParOldGen       total 173568K, used 32K [0x00000000e0000000, 0x00000000ea980000, 0x00000000f5580000)
  object space 173568K, 0% used [0x00000000e0000000,0x00000000e0008000,0x00000000ea980000)
 Metaspace       used 18056K, capacity 19316K, committed 19328K, reserved 1067008K
  class space    used 2432K, capacity 2688K, committed 2688K, reserved 1048576K
}
Event: 3.998 GC heap before
{Heap before GC invocations=3 (full 0):
 PSYoungGen      total 75776K, used 20691K [0x00000000f5580000, 0x00000000faa00000, 0x0000000100000000)
  eden space 65024K, 15% used [0x00000000f5580000,0x00000000f5fa65a8,0x00000000f9500000)
  from space 10752K, 95% used [0x00000000f9f80000,0x00000000fa98e8c8,0x00000000faa00000)
  to   space 10752K, 0% used [0x00000000f9500000,0x00000000f9500000,0x00000000f9f80000)
 ParOldGen       total 173568K, used 32K [0x00000000e0000000, 0x00000000ea980000, 0x00000000f5580000)
  object space 173568K, 0% used [0x00000000e0000000,0x00000000e0008000,0x00000000ea980000)
 Metaspace       used 20004K, capacity 21254K, committed 21296K, reserved 1067008K
  class space    used 2665K, capacity 2921K, committed 2944K, reserved 1048576K
Event: 4.284 GC heap after
Heap after GC invocations=3 (full 0):
 PSYoungGen      total 75776K, used 8268K [0x00000000f5580000, 0x00000000fe980000, 0x0000000100000000)
  eden space 65024K, 0% used [0x00000000f5580000,0x00000000f5580000,0x00000000f9500000)
  from space 10752K, 76% used [0x00000000f9500000,0x00000000f9d13120,0x00000000f9f80000)
  to   space 10752K, 0% used [0x00000000fdf00000,0x00000000fdf00000,0x00000000fe980000)
 ParOldGen       total 173568K, used 40K [0x00000000e0000000, 0x00000000ea980000, 0x00000000f5580000)
  object space 173568K, 0% used [0x00000000e0000000,0x00000000e000a000,0x00000000ea980000)
 Metaspace       used 20004K, capacity 21254K, committed 21296K, reserved 1067008K
  class space    used 2665K, capacity 2921K, committed 2944K, reserved 1048576K
}
Event: 4.284 GC heap before
{Heap before GC invocations=4 (full 1):
 PSYoungGen      total 75776K, used 8268K [0x00000000f5580000, 0x00000000fe980000, 0x0000000100000000)
  eden space 65024K, 0% used [0x00000000f5580000,0x00000000f5580000,0x00000000f9500000)
  from space 10752K, 76% used [0x00000000f9500000,0x00000000f9d13120,0x00000000f9f80000)
  to   space 10752K, 0% used [0x00000000fdf00000,0x00000000fdf00000,0x00000000fe980000)
 ParOldGen       total 173568K, used 40K [0x00000000e0000000, 0x00000000ea980000, 0x00000000f5580000)
  object space 173568K, 0% used [0x00000000e0000000,0x00000000e000a000,0x00000000ea980000)
 Metaspace       used 20004K, capacity 21254K, committed 21296K, reserved 1067008K
  class space    used 2665K, capacity 2921K, committed 2944K, reserved 1048576K
Event: 4.333 GC heap after
Heap after GC invocations=4 (full 1):
 PSYoungGen      total 75776K, used 0K [0x00000000f5580000, 0x00000000fe980000, 0x0000000100000000)
  eden space 65024K, 0% used [0x00000000f5580000,0x00000000f5580000,0x00000000f9500000)
  from space 10752K, 0% used [0x00000000f9500000,0x00000000f9500000,0x00000000f9f80000)
  to   space 10752K, 0% used [0x00000000fdf00000,0x00000000fdf00000,0x00000000fe980000)
 ParOldGen       total 77824K, used 8178K [0x00000000e0000000, 0x00000000e4c00000, 0x00000000f5580000)
  object space 77824K, 10% used [0x00000000e0000000,0x00000000e07fc8c8,0x00000000e4c00000)
 Metaspace       used 20004K, capacity 21254K, committed 21296K, reserved 1067008K
  class space    used 2665K, capacity 2921K, committed 2944K, reserved 1048576K
}
Event: 5.404 GC heap before
{Heap before GC invocations=5 (full 1):
 PSYoungGen      total 75776K, used 65024K [0x00000000f5580000, 0x00000000fe980000, 0x0000000100000000)
  eden space 65024K, 100% used [0x00000000f5580000,0x00000000f9500000,0x00000000f9500000)
  from space 10752K, 0% used [0x00000000f9500000,0x00000000f9500000,0x00000000f9f80000)
  to   space 10752K, 0% used [0x00000000fdf00000,0x00000000fdf00000,0x00000000fe980000)
 ParOldGen       total 77824K, used 8178K [0x00000000e0000000, 0x00000000e4c00000, 0x00000000f5580000)
  object space 77824K, 10% used [0x00000000e0000000,0x00000000e07fc8c8,0x00000000e4c00000)
 Metaspace       used 26301K, capacity 27650K, committed 27904K, reserved 1073152K
  class space    used 3762K, capacity 4053K, committed 4096K, reserved 1048576K
Event: 5.436 GC heap after
Heap after GC invocations=5 (full 1):
 PSYoungGen      total 132096K, used 6644K [0x00000000f5580000, 0x00000000fe580000, 0x0000000100000000)
  eden space 125440K, 0% used [0x00000000f5580000,0x00000000f5580000,0x00000000fd000000)
  from space 6656K, 99% used [0x00000000fdf00000,0x00000000fe57d040,0x00000000fe580000)
  to   space 10752K, 0% used [0x00000000fd080000,0x00000000fd080000,0x00000000fdb00000)
 ParOldGen       total 77824K, used 8186K [0x00000000e0000000, 0x00000000e4c00000, 0x00000000f5580000)
  object space 77824K, 10% used [0x00000000e0000000,0x00000000e07fe8c8,0x00000000e4c00000)
 Metaspace       used 26301K, capacity 27650K, committed 27904K, reserved 1073152K
  class space    used 3762K, capacity 4053K, committed 4096K, reserved 1048576K
}
Event: 6.625 GC heap before
{Heap before GC invocations=6 (full 1):
 PSYoungGen      total 132096K, used 132084K [0x00000000f5580000, 0x00000000fe580000, 0x0000000100000000)
  eden space 125440K, 100% used [0x00000000f5580000,0x00000000fd000000,0x00000000fd000000)
  from space 6656K, 99% used [0x00000000fdf00000,0x00000000fe57d040,0x00000000fe580000)
  to   space 10752K, 0% used [0x00000000fd080000,0x00000000fd080000,0x00000000fdb00000)
 ParOldGen       total 77824K, used 8186K [0x00000000e0000000, 0x00000000e4c00000, 0x00000000f5580000)
  object space 77824K, 10% used [0x00000000e0000000,0x00000000e07fe8c8,0x00000000e4c00000)
 Metaspace       used 28998K, capacity 30326K, committed 30720K, reserved 1075200K
  class space    used 4226K, capacity 4509K, committed 4608K, reserved 1048576K
Event: 6.691 GC heap after
Heap after GC invocations=6 (full 1):
 PSYoungGen      total 136704K, used 4236K [0x00000000f5580000, 0x0000000100000000, 0x0000000100000000)
  eden space 125952K, 0% used [0x00000000f5580000,0x00000000f5580000,0x00000000fd080000)
  from space 10752K, 39% used [0x00000000fd080000,0x00000000fd4a32b0,0x00000000fdb00000)
  to   space 11776K, 0% used [0x00000000ff480000,0x00000000ff480000,0x0000000100000000)
 ParOldGen       total 77824K, used 8194K [0x00000000e0000000, 0x00000000e4c00000, 0x00000000f5580000)
  object space 77824K, 10% used [0x00000000e0000000,0x00000000e08008c8,0x00000000e4c00000)
 Metaspace       used 28998K, capacity 30326K, committed 30720K, reserved 1075200K
  class space    used 4226K, capacity 4509K, committed 4608K, reserved 1048576K
}

Deoptimization events (10 events):
Event: 7.732 Thread 0x0000000019c78000 Uncommon trap: reason=unstable_if action=reinterpret pc=0x0000000003489664 method=java.lang.String.trim()Ljava/lang/String; @ 44
Event: 7.750 Thread 0x0000000019c78000 Uncommon trap: reason=bimorphic action=maybe_recompile pc=0x0000000003332358 method=java.net.URL.<init>(Ljava/net/URL;Ljava/lang/String;Ljava/net/URLStreamHandler;)V @ 504
Event: 7.750 Thread 0x0000000019c78000 Uncommon trap: reason=unstable_if action=reinterpret pc=0x000000000330ff5c method=java.net.URLStreamHandler.parseURL(Ljava/net/URL;Ljava/lang/String;II)V @ 690
Event: 7.750 Thread 0x0000000019c78000 Uncommon trap: reason=bimorphic action=maybe_recompile pc=0x0000000003332358 method=java.net.URL.<init>(Ljava/net/URL;Ljava/lang/String;Ljava/net/URLStreamHandler;)V @ 504
Event: 7.750 Thread 0x0000000019c78000 Uncommon trap: reason=bimorphic action=maybe_recompile pc=0x0000000003332358 method=java.net.URL.<init>(Ljava/net/URL;Ljava/lang/String;Ljava/net/URLStreamHandler;)V @ 504
Event: 7.750 Thread 0x0000000019c78000 Uncommon trap: reason=unstable_if action=reinterpret pc=0x000000000357ec38 method=java.net.URLStreamHandler.getHostAddress(Ljava/net/URL;)Ljava/net/InetAddress; @ 27
Event: 7.751 Thread 0x0000000019c78000 Uncommon trap: reason=bimorphic action=maybe_recompile pc=0x0000000003332358 method=java.net.URL.<init>(Ljava/net/URL;Ljava/lang/String;Ljava/net/URLStreamHandler;)V @ 504
Event: 7.843 Thread 0x0000000019c78000 Uncommon trap: reason=unstable_if action=reinterpret pc=0x00000000033954d0 method=java.lang.CharacterDataLatin1.isWhitespace(I)Z @ 14
Event: 7.843 Thread 0x0000000019c78000 Uncommon trap: reason=unstable_if action=reinterpret pc=0x0000000002fd147c method=java.lang.CharacterDataLatin1.isWhitespace(I)Z @ 14
Event: 7.915 Thread 0x0000000019c78000 Uncommon trap: reason=unstable_if action=reinterpret pc=0x0000000003afaeb0 method=org.springframework.util.Assert.notNull(Ljava/lang/Object;Ljava/lang/String;)V @ 1

Classes redefined (0 events):
No events

Internal exceptions (10 events):
Event: 7.903 Thread 0x0000000019c78000 Exception <a 'java/lang/ClassNotFoundException': org/springframework/beans/AbstractPropertyAccessorTests$EnumTesterBeanInfo> (0x00000000fb976a30) thrown at [C:\re\workspace\8-2-build-windows-amd64-cygwin\jdk8u152\9742\hotspot\src\share\vm\classfile\system
Event: 7.903 Thread 0x0000000019c78000 Exception <a 'java/lang/ClassNotFoundException': org/springframework/beans/AbstractPropertyAccessorTests$EnumTesterCustomizer> (0x00000000fb992f40) thrown at [C:\re\workspace\8-2-build-windows-amd64-cygwin\jdk8u152\9742\hotspot\src\share\vm\classfile\syst
Event: 7.906 Thread 0x0000000019c78000 Exception <a 'java/lang/ClassNotFoundException': org/springframework/beans/AbstractPropertyAccessorTests$Spr10115BeanBeanInfo> (0x00000000fb9d35c8) thrown at [C:\re\workspace\8-2-build-windows-amd64-cygwin\jdk8u152\9742\hotspot\src\share\vm\classfile\syst
Event: 7.906 Thread 0x0000000019c78000 Exception <a 'java/lang/ClassNotFoundException': org/springframework/beans/AbstractPropertyAccessorTests$Spr10115BeanCustomizer> (0x00000000fb9effd8) thrown at [C:\re\workspace\8-2-build-windows-amd64-cygwin\jdk8u152\9742\hotspot\src\share\vm\classfile\sy
Event: 7.911 Thread 0x0000000019c78000 Exception <a 'java/lang/ClassNotFoundException': org/springframework/beans/AbstractPropertyAccessorTests$Spr13837BeanBeanInfo> (0x00000000fba29f30) thrown at [C:\re\workspace\8-2-build-windows-amd64-cygwin\jdk8u152\9742\hotspot\src\share\vm\classfile\syst
Event: 7.912 Thread 0x0000000019c78000 Exception <a 'java/lang/ClassNotFoundException': org/springframework/beans/AbstractPropertyAccessorTests$Spr13837BeanCustomizer> (0x00000000fba46940) thrown at [C:\re\workspace\8-2-build-windows-amd64-cygwin\jdk8u152\9742\hotspot\src\share\vm\classfile\sy
Event: 7.912 Thread 0x0000000019c78000 Exception <a 'java/lang/ClassNotFoundException': org/springframework/beans/AbstractPropertyAccessorTests$Spr13837BeanInfo> (0x00000000fba6b5b0) thrown at [C:\re\workspace\8-2-build-windows-amd64-cygwin\jdk8u152\9742\hotspot\src\share\vm\classfile\systemDi
Event: 7.913 Thread 0x0000000019c78000 Exception <a 'java/lang/ClassNotFoundException': org/springframework/beans/AbstractPropertyAccessorTests$Spr13837Customizer> (0x00000000fba86ef0) thrown at [C:\re\workspace\8-2-build-windows-amd64-cygwin\jdk8u152\9742\hotspot\src\share\vm\classfile\system
Event: 7.917 Thread 0x0000000019c78000 Exception <a 'java/lang/ClassNotFoundException': org/springframework/beans/AbstractPropertyAccessorTests$WildcardEnumConsumerBeanInfo> (0x00000000fbadc998) thrown at [C:\re\workspace\8-2-build-windows-amd64-cygwin\jdk8u152\9742\hotspot\src\share\vm\classf
Event: 7.918 Thread 0x0000000019c78000 Exception <a 'java/lang/ClassNotFoundException': org/springframework/beans/AbstractPropertyAccessorTests$WildcardEnumConsumerCustomizer> (0x00000000fbafae88) thrown at [C:\re\workspace\8-2-build-windows-amd64-cygwin\jdk8u152\9742\hotspot\src\share\vm\clas

Events (10 events):
Event: 7.917 loading class org/springframework/beans/AbstractPropertyAccessorTests$WildcardEnumConsumerBeanInfo
Event: 7.917 loading class org/springframework/beans/AbstractPropertyAccessorTests$WildcardEnumConsumerBeanInfo done
Event: 7.917 loading class org/springframework/beans/AbstractPropertyAccessorTests$WildcardEnumConsumerBeanInfo
Event: 7.917 loading class org/springframework/beans/AbstractPropertyAccessorTests$WildcardEnumConsumerBeanInfo done
Event: 7.917 loading class org/springframework/beans/AbstractPropertyAccessorTests$WildcardEnumConsumerCustomizer
Event: 7.917 loading class org/springframework/beans/AbstractPropertyAccessorTests$WildcardEnumConsumerCustomizer done
Event: 7.917 loading class org/springframework/beans/AbstractPropertyAccessorTests$WildcardEnumConsumerCustomizer
Event: 7.917 loading class org/springframework/beans/AbstractPropertyAccessorTests$WildcardEnumConsumerCustomizer done
Event: 7.918 loading class org/springframework/beans/AbstractPropertyAccessorTests$WildcardEnumConsumerCustomizer
Event: 7.918 loading class org/springframework/beans/AbstractPropertyAccessorTests$WildcardEnumConsumerCustomizer done


Dynamic libraries:
0x00007ff6f0cb0000 - 0x00007ff6f0ce7000 	D:\Program Files\Java\jdk1.8.0_152\bin\java.exe
0x00007fffc1730000 - 0x00007fffc1944000 	C:\WINDOWS\SYSTEM32\ntdll.dll
0x00007fffc03c0000 - 0x00007fffc0483000 	C:\WINDOWS\System32\KERNEL32.DLL
0x00007fffbec80000 - 0x00007fffbf01c000 	C:\WINDOWS\System32\KERNELBASE.dll
0x00007fffc1520000 - 0x00007fffc15ce000 	C:\WINDOWS\System32\ADVAPI32.dll
0x00007fffc01f0000 - 0x00007fffc0297000 	C:\WINDOWS\System32\msvcrt.dll
0x00007fffbfed0000 - 0x00007fffbff74000 	C:\WINDOWS\System32\sechost.dll
0x00007fffc15d0000 - 0x00007fffc16e5000 	C:\WINDOWS\System32\RPCRT4.dll
0x00007fffbf540000 - 0x00007fffbf6ed000 	C:\WINDOWS\System32\USER32.dll
0x00007fffbf020000 - 0x00007fffbf046000 	C:\WINDOWS\System32\win32u.dll
0x00007fffc01c0000 - 0x00007fffc01e9000 	C:\WINDOWS\System32\GDI32.dll
0x00007fffbf170000 - 0x00007fffbf283000 	C:\WINDOWS\System32\gdi32full.dll
0x00007fffbebe0000 - 0x00007fffbec7a000 	C:\WINDOWS\System32\msvcp_win.dll
0x00007fffbf050000 - 0x00007fffbf161000 	C:\WINDOWS\System32\ucrtbase.dll
0x00007fffaf920000 - 0x00007fffafbae000 	C:\WINDOWS\WinSxS\amd64_microsoft.windows.common-controls_6595b64144ccf1df_6.0.22621.608_none_a9444ca7c10bb01d\COMCTL32.dll
0x00007fffc04b0000 - 0x00007fffc04e1000 	C:\WINDOWS\System32\IMM32.DLL
0x00000000748c0000 - 0x0000000074992000 	D:\Program Files\Java\jdk1.8.0_152\jre\bin\msvcr100.dll
0x0000000074020000 - 0x00000000748c0000 	D:\Program Files\Java\jdk1.8.0_152\jre\bin\server\jvm.dll
0x00007fffc1250000 - 0x00007fffc1258000 	C:\WINDOWS\System32\PSAPI.DLL
0x00007fffb8520000 - 0x00007fffb8529000 	C:\WINDOWS\SYSTEM32\WSOCK32.dll
0x00007fffc11d0000 - 0x00007fffc1241000 	C:\WINDOWS\System32\WS2_32.dll
0x00007fffb19d0000 - 0x00007fffb1a04000 	C:\WINDOWS\SYSTEM32\WINMM.dll
0x00007fffb7cb0000 - 0x00007fffb7cba000 	C:\WINDOWS\SYSTEM32\VERSION.dll
0x0000000074010000 - 0x000000007401f000 	D:\Program Files\Java\jdk1.8.0_152\jre\bin\verify.dll
0x0000000073fe0000 - 0x0000000074009000 	D:\Program Files\Java\jdk1.8.0_152\jre\bin\java.dll
0x0000000073fc0000 - 0x0000000073fd6000 	D:\Program Files\Java\jdk1.8.0_152\jre\bin\zip.dll
0x00007fffc0970000 - 0x00007fffc1160000 	C:\WINDOWS\System32\SHELL32.dll
0x00007fffbcb30000 - 0x00007fffbd3fe000 	C:\WINDOWS\SYSTEM32\windows.storage.dll
0x00007fffbf6f0000 - 0x00007fffbfa79000 	C:\WINDOWS\System32\combase.dll
0x00007fffbc9f0000 - 0x00007fffbcb2e000 	C:\WINDOWS\SYSTEM32\wintypes.dll
0x00007fffbff80000 - 0x00007fffc0071000 	C:\WINDOWS\System32\SHCORE.dll
0x00007fffc1170000 - 0x00007fffc11ce000 	C:\WINDOWS\System32\shlwapi.dll
0x00007fffbeaa0000 - 0x00007fffbeac1000 	C:\WINDOWS\SYSTEM32\profapi.dll
0x0000000073fa0000 - 0x0000000073fba000 	D:\Program Files\Java\jdk1.8.0_152\jre\bin\net.dll
0x00007fffbe0d0000 - 0x00007fffbe139000 	C:\WINDOWS\system32\mswsock.dll
0x0000000073f80000 - 0x0000000073f91000 	D:\Program Files\Java\jdk1.8.0_152\jre\bin\nio.dll
0x00007fffbe320000 - 0x00007fffbe33b000 	C:\WINDOWS\SYSTEM32\CRYPTSP.dll
0x00007fffbdbe0000 - 0x00007fffbdc15000 	C:\WINDOWS\system32\rsaenh.dll
0x00007fffbe170000 - 0x00007fffbe198000 	C:\WINDOWS\SYSTEM32\USERENV.dll
0x00007fffbe520000 - 0x00007fffbe548000 	C:\WINDOWS\SYSTEM32\bcrypt.dll
0x00007fffbf4c0000 - 0x00007fffbf53b000 	C:\WINDOWS\System32\bcryptprimitives.dll
0x00007fffbe2e0000 - 0x00007fffbe2ec000 	C:\WINDOWS\SYSTEM32\CRYPTBASE.dll
0x00007fffbd650000 - 0x00007fffbd67d000 	C:\WINDOWS\SYSTEM32\IPHLPAPI.DLL
0x00007fffbfdc0000 - 0x00007fffbfdc9000 	C:\WINDOWS\System32\NSI.dll
0x00007fffb9160000 - 0x00007fffb9179000 	C:\WINDOWS\SYSTEM32\dhcpcsvc6.DLL
0x00007fffb9140000 - 0x00007fffb915f000 	C:\WINDOWS\SYSTEM32\dhcpcsvc.DLL
0x00007fffbd680000 - 0x00007fffbd773000 	C:\WINDOWS\SYSTEM32\DNSAPI.dll
0x0000000073f70000 - 0x0000000073f7d000 	D:\Program Files\Java\jdk1.8.0_152\jre\bin\management.dll
0x00007fffaded0000 - 0x00007fffadee7000 	C:\WINDOWS\system32\napinsp.dll
0x00007fffae830000 - 0x00007fffae84b000 	C:\WINDOWS\system32\pnrpnsp.dll
0x00007fffae2d0000 - 0x00007fffae2e1000 	C:\WINDOWS\System32\winrnr.dll
0x00007fffae110000 - 0x00007fffae125000 	C:\WINDOWS\system32\wshbth.dll
0x00007fffae0d0000 - 0x00007fffae0f1000 	C:\WINDOWS\system32\nlansp_c.dll
0x00007fffb7f10000 - 0x00007fffb7f1a000 	C:\Windows\System32\rasadhlp.dll
0x00007fffb8ca0000 - 0x00007fffb8d23000 	C:\WINDOWS\System32\fwpuclnt.dll

VM Arguments:
jvm_args: -Dio.netty.leakDetection.level=paranoid -Djava.awt.headless=true -Djava.security.manager=worker.org.gradle.process.internal.worker.child.BootstrapSecurityManager -Dorg.gradle.native=false -DtestGroups -Xmx512m -Dfile.encoding=GBK -Duser.country=SG -Duser.language=zh -Duser.variant -ea 
java_command: worker.org.gradle.process.internal.worker.GradleWorkerMain 'Gradle Test Executor 26'
java_class_path (initial): D:\Program\gradle-7.4.1\repo\caches\5.6.4\workerMain\gradle-worker.jar
Launcher Type: SUN_STANDARD

Environment Variables:
JAVA_HOME=D:\Program Files\Java\jdk1.8.0_152
CLASSPATH=.;D:\Program Files\Java\jdk1.8.0_152\lib\dt.jar;D:\Program Files\Java\jdk1.8.0_152\lib\tools.jar;
PATH=D:\Program Files\WMware\bin\;D:\Program Files (x86)\VMware\VMware Workstation\bin\;C:\Program Files\Common Files\Oracle\Java\javapath;C:\ProgramData\Oracle\Java\javapath;C:\Windows\system32;C:\Windows;C:\Windows\System32\Wbem;C:\Windows\System32\WindowsPowerShell\v1.0\;C:\Windows\System32\OpenSSH\;C:\Program Files (x86)\NVIDIA Corporation\PhysX\Common;C:\Program Files\NVIDIA Corporation\NVIDIA NvDLISR;D:\Program Files\Java\jdk1.8.0_152\bin;D:\Program Files\Java\jdk1.8.0_152\jre\bin;D:\Program\apache-maven-3.8.4\bin;C:\Program Files (x86)\dotnet\;C:\Program Files\dotnet\;D:\Program\gradle-7.4.1\bin;D:\Pro;ram Files\lua;C:\Program Files\dotnet;D:\Program Files\Git\cmd;C:\WINDOWS\system32;C:\WINDOWS;C:\WINDOWS\System32\Wbem;C:\WINDOWS\System32\WindowsPowerShell\v1.0\;C:\WINDOWS\System32\OpenSSH\;D:\Program\Scala\scala-2.11.12\bin;C:\Program Files\nodejs;C:\Program Files\nodejs\node_global;;D:\Program Files (x86)\Tencent\微信web开发者工具\dll;C:\Users\wenbo\AppData\Local\Programs\Python\Python310\Scripts\;C:\Users\wenbo\AppData\Local\Programs\Python\Python310\;C:\Users\wenbo\AppData\Local\Microsoft\WindowsApps;D:\Program Files\Microsoft VS Code\bin;C:\Users\wenbo\.dotnet\tools;D:\Program Files\Bandizip\;C:\Users\wenbo\AppData\Local\JetBrains\Toolbox\scripts;C:\Users\wenbo\AppData\Roaming\npm;C:\Users\wenbo\AppData\Roaming\Microsoft\Windows\Start Menu\Programs\Python 3.10;
USERNAME=李文博
OS=Windows_NT
PROCESSOR_IDENTIFIER=Intel64 Family 6 Model 154 Stepping 3, GenuineIntel



---------------  S Y S T E M  ---------------

OS: Windows 10.0 , 64 bit Build 22621 (10.0.22621.1344)

CPU:total 20 (initial active 20) (10 cores per cpu, 2 threads per core) family 6 model 154 stepping 3, cmov, cx8, fxsr, mmx, sse, sse2, sse3, ssse3, sse4.1, sse4.2, popcnt, avx, avx2, aes, clmul, erms, 3dnowpref, lzcnt, ht, tsc, tscinvbit, bmi1, bmi2, adx

Memory: 4k page, physical 16564728k(672112k free), swap 32293364k(5416k free)

vm_info: Java HotSpot(TM) 64-Bit Server VM (25.152-b16) for windows-amd64 JRE (1.8.0_152-b16), built on Sep 14 2017 02:29:36 by "java_re" with MS VC++ 10.0 (VS2010)

time: Sat Mar 18 10:42:56 2023
elapsed time: 7 seconds (0d 0h 0m 7s)

