#
# There is insufficient memory for the Java Runtime Environment to continue.
# Native memory allocation (malloc) failed to allocate 466416 bytes for Chunk::new
# Possible reasons:
#   The system is out of physical RAM or swap space
#   In 32 bit mode, the process size limit was hit
# Possible solutions:
#   Reduce memory load on the system
#   Increase physical memory or swap space
#   Check if swap backing store is full
#   Use 64 bit Java on a 64 bit OS
#   Decrease Java heap size (-Xmx/-Xms)
#   Decrease number of Java threads
#   Decrease Java thread stack sizes (-Xss)
#   Set larger code cache with -XX:ReservedCodeCacheSize=
# This output file may be truncated or incomplete.
#
#  Out of Memory Error (allocation.cpp:390), pid=1564, tid=0x00000000000051d0
#
# JRE version: Java(TM) SE Runtime Environment (8.0_152-b16) (build 1.8.0_152-b16)
# Java VM: Java HotSpot(TM) 64-Bit Server VM (25.152-b16 mixed mode windows-amd64 compressed oops)
# Failed to write core dump. Minidumps are not enabled by default on client versions of Windows
#

---------------  T H R E A D  ---------------

Current thread (0x00000000166d2000):  JavaThread "C2 CompilerThread0" daemon [_thread_in_native, id=20944, stack(0x00000000186a0000,0x00000000187a0000)]

Stack: [0x00000000186a0000,0x00000000187a0000]
[error occurred during error reporting (printing stack bounds), id 0xc0000005]

Native frames: (J=compiled Java code, j=interpreted, Vv=VM code, C=native code)


Current CompileTask:
C2:  54602 11908       4       javax.management.ObjectName::construct (1228 bytes)


---------------  P R O C E S S  ---------------

Java Threads: ( => current thread )
  0x000000001b91a800 JavaThread "http-nio-auto-27-exec-10" daemon [_thread_blocked, id=38288, stack(0x000000002e430000,0x000000002e530000)]
  0x000000001b91c000 JavaThread "http-nio-auto-27-exec-9" daemon [_thread_blocked, id=38284, stack(0x000000002e230000,0x000000002e330000)]
  0x000000001b910800 JavaThread "http-nio-auto-27-exec-8" daemon [_thread_blocked, id=38280, stack(0x000000002dd30000,0x000000002de30000)]
  0x000000001b916800 JavaThread "http-nio-auto-27-exec-7" daemon [_thread_blocked, id=38276, stack(0x000000002da30000,0x000000002db30000)]
  0x000000001b915000 JavaThread "http-nio-auto-27-exec-6" daemon [_thread_blocked, id=38272, stack(0x000000002d430000,0x000000002d530000)]
  0x000000001b914800 JavaThread "http-nio-auto-27-exec-5" daemon [_thread_blocked, id=38268, stack(0x000000002d330000,0x000000002d430000)]
  0x000000001b90f000 JavaThread "http-nio-auto-27-exec-4" daemon [_thread_blocked, id=38264, stack(0x000000002d230000,0x000000002d330000)]
  0x000000001b916000 JavaThread "http-nio-auto-27-exec-3" daemon [_thread_blocked, id=38260, stack(0x000000002d130000,0x000000002d230000)]
  0x000000001b90d800 JavaThread "http-nio-auto-27-exec-2" daemon [_thread_blocked, id=38256, stack(0x000000002d030000,0x000000002d130000)]
  0x000000001b90e800 JavaThread "http-nio-auto-27-exec-1" daemon [_thread_blocked, id=38252, stack(0x000000002cf30000,0x000000002d030000)]
  0x000000001b913800 JavaThread "http-nio-auto-27-BlockPoller" daemon [_thread_in_native, id=38248, stack(0x000000002ce30000,0x000000002cf30000)]
  0x000000001b911800 JavaThread "Catalina-utility-2" [_thread_blocked, id=38240, stack(0x000000002cd30000,0x000000002ce30000)]
  0x000000001b913000 JavaThread "Catalina-utility-1" [_thread_blocked, id=38236, stack(0x000000002cc30000,0x000000002cd30000)]
  0x00000000219eb000 JavaThread "parallel-12" daemon [_thread_blocked, id=31808, stack(0x000000002e730000,0x000000002e830000)]
  0x000000001b919800 JavaThread "parallel-11" daemon [_thread_blocked, id=15276, stack(0x000000002de30000,0x000000002df30000)]
  0x000000001b912000 JavaThread "parallel-10" daemon [_thread_blocked, id=32612, stack(0x000000002c730000,0x000000002c830000)]
  0x000000001b917800 JavaThread "parallel-9" daemon [_thread_blocked, id=27464, stack(0x000000002dc30000,0x000000002dd30000)]
  0x000000001b910000 JavaThread "parallel-8" daemon [_thread_blocked, id=29112, stack(0x000000002e330000,0x000000002e430000)]
  0x00000000219f7800 JavaThread "parallel-7" daemon [_thread_blocked, id=31948, stack(0x000000002db30000,0x000000002dc30000)]
  0x00000000219ea000 JavaThread "parallel-6" daemon [_thread_blocked, id=30520, stack(0x000000002c630000,0x000000002c730000)]
  0x00000000219ec800 JavaThread "parallel-5" daemon [_thread_blocked, id=26732, stack(0x000000002d930000,0x000000002da30000)]
  0x000000001c9e2000 JavaThread "parallel-4" daemon [_thread_blocked, id=32608, stack(0x000000002df30000,0x000000002e030000)]
  0x00000000219f4000 JavaThread "parallel-3" daemon [_thread_blocked, id=30936, stack(0x000000002d630000,0x000000002d730000)]
  0x00000000219ed000 JavaThread "parallel-2" daemon [_thread_blocked, id=23696, stack(0x00000000006f0000,0x00000000007f0000)]
  0x00000000219eb800 JavaThread "parallel-1" daemon [_thread_blocked, id=32072, stack(0x000000002d530000,0x000000002d630000)]
  0x000000001c9e7800 JavaThread "Thread-194" daemon [_thread_in_native, id=33816, stack(0x000000002c530000,0x000000002c630000)]
  0x000000001c9e6800 JavaThread "Thread-193" daemon [_thread_in_native, id=15780, stack(0x000000002c430000,0x000000002c530000)]
  0x000000001c9e3800 JavaThread "Thread-192" daemon [_thread_in_native, id=30828, stack(0x000000002b360000,0x000000002b460000)]
  0x000000001c9e4800 JavaThread "Thread-191" daemon [_thread_in_native, id=2728, stack(0x000000002b260000,0x000000002b360000)]
  0x000000001c9da000 JavaThread "Thread-190" daemon [_thread_in_native, id=34744, stack(0x000000002b160000,0x000000002b260000)]
  0x000000001c9e0800 JavaThread "Thread-189" daemon [_thread_in_native, id=12936, stack(0x000000002b060000,0x000000002b160000)]
  0x000000001c9d9000 JavaThread "Thread-188" daemon [_thread_in_native, id=30456, stack(0x000000002af60000,0x000000002b060000)]
  0x000000001c9dd000 JavaThread "Thread-187" daemon [_thread_in_native, id=33004, stack(0x000000002ae60000,0x000000002af60000)]
  0x000000001c9e0000 JavaThread "Thread-186" daemon [_thread_in_native, id=30996, stack(0x000000002ac60000,0x000000002ad60000)]
  0x000000001c9dc000 JavaThread "Thread-185" daemon [_thread_in_native, id=24236, stack(0x000000002ab60000,0x000000002ac60000)]
  0x000000001c9dd800 JavaThread "Thread-184" daemon [_thread_in_native, id=31324, stack(0x000000002aa60000,0x000000002ab60000)]
  0x000000001c9db800 JavaThread "Thread-183" daemon [_thread_in_native, id=29224, stack(0x000000002a960000,0x000000002aa60000)]
  0x000000001c9d8800 JavaThread "Thread-182" daemon [_thread_in_native, id=28572, stack(0x0000000029850000,0x0000000029950000)]
  0x000000001c9df000 JavaThread "Thread-181" daemon [_thread_in_native, id=25684, stack(0x0000000029750000,0x0000000029850000)]
  0x000000001a565800 JavaThread "Thread-180" daemon [_thread_in_native, id=12340, stack(0x0000000029650000,0x0000000029750000)]
  0x000000001a566000 JavaThread "Thread-179" daemon [_thread_in_native, id=30700, stack(0x0000000029550000,0x0000000029650000)]
  0x000000001a564800 JavaThread "Thread-178" daemon [_thread_in_native, id=30204, stack(0x0000000029450000,0x0000000029550000)]
  0x000000001a563000 JavaThread "Thread-177" daemon [_thread_in_native, id=32404, stack(0x0000000026120000,0x0000000026220000)]
  0x000000001a562800 JavaThread "Thread-176" daemon [_thread_in_native, id=34448, stack(0x0000000026020000,0x0000000026120000)]
  0x000000001a561800 JavaThread "Thread-175" daemon [_thread_in_native, id=33284, stack(0x0000000020a00000,0x0000000020b00000)]
  0x000000001a564000 JavaThread "Thread-174" daemon [_thread_in_native, id=12100, stack(0x000000001f820000,0x000000001f920000)]
  0x000000001c9da800 JavaThread "Keep-Alive-Timer" daemon [_thread_blocked, id=30548, stack(0x000000002ad60000,0x000000002ae60000)]
  0x000000001a559000 JavaThread "reactor-http-nio-20" daemon [_thread_in_native, id=33476, stack(0x0000000025e20000,0x0000000025f20000)]
  0x000000001a560000 JavaThread "reactor-http-nio-19" daemon [_thread_in_native, id=29368, stack(0x0000000025d20000,0x0000000025e20000)]
  0x000000001a55b800 JavaThread "reactor-http-nio-18" daemon [_thread_in_native, id=30776, stack(0x0000000025c20000,0x0000000025d20000)]
  0x000000001a55f800 JavaThread "reactor-http-nio-17" daemon [_thread_in_native, id=7432, stack(0x0000000025b20000,0x0000000025c20000)]
  0x000000001a558800 JavaThread "reactor-http-nio-16" daemon [_thread_in_native, id=34700, stack(0x0000000025a20000,0x0000000025b20000)]
  0x000000001a55e800 JavaThread "reactor-http-nio-15" daemon [_thread_in_native, id=16920, stack(0x0000000025920000,0x0000000025a20000)]
  0x000000001a557800 JavaThread "reactor-http-nio-14" daemon [_thread_in_native, id=8388, stack(0x0000000025820000,0x0000000025920000)]
  0x000000001a557000 JavaThread "reactor-http-nio-13" daemon [_thread_in_native, id=15420, stack(0x0000000025720000,0x0000000025820000)]
  0x000000001a55e000 JavaThread "reactor-http-nio-12" daemon [_thread_in_native, id=4104, stack(0x0000000025620000,0x0000000025720000)]
  0x000000001a55c800 JavaThread "reactor-http-nio-11" daemon [_thread_in_native, id=26052, stack(0x0000000025520000,0x0000000025620000)]
  0x000000001a55a800 JavaThread "reactor-http-nio-10" daemon [_thread_in_native, id=30968, stack(0x0000000025420000,0x0000000025520000)]
  0x000000001a55d000 JavaThread "reactor-http-nio-9" daemon [_thread_in_native, id=9372, stack(0x0000000025320000,0x0000000025420000)]
  0x000000001a88e800 JavaThread "reactor-http-nio-8" daemon [_thread_in_native, id=30712, stack(0x0000000025220000,0x0000000025320000)]
  0x000000001a88d800 JavaThread "reactor-http-nio-7" daemon [_thread_in_native, id=33152, stack(0x0000000025120000,0x0000000025220000)]
  0x000000001a88d000 JavaThread "reactor-http-nio-6" daemon [_thread_in_native, id=5056, stack(0x0000000025020000,0x0000000025120000)]
  0x000000001a890800 JavaThread "reactor-http-nio-5" daemon [_thread_in_native, id=35164, stack(0x0000000024f20000,0x0000000025020000)]
  0x000000001a88c000 JavaThread "reactor-http-nio-4" daemon [_thread_in_native, id=31976, stack(0x0000000024e20000,0x0000000024f20000)]
  0x000000001a890000 JavaThread "reactor-http-nio-3" daemon [_thread_in_native, id=33128, stack(0x0000000024d20000,0x0000000024e20000)]
  0x000000001a88b800 JavaThread "reactor-http-nio-2" daemon [_thread_in_native, id=17056, stack(0x0000000024c20000,0x0000000024d20000)]
  0x000000001a88f000 JavaThread "reactor-http-nio-1" daemon [_thread_in_native, id=29208, stack(0x0000000024b20000,0x0000000024c20000)]
  0x0000000022497000 JavaThread "boundedElastic-1" daemon [_thread_blocked, id=33020, stack(0x0000000021190000,0x0000000021290000)]
  0x000000001cca0800 JavaThread "boundedElastic-evictor-1" daemon [_thread_blocked, id=32108, stack(0x000000001e500000,0x000000001e600000)]
  0x0000000019ebe000 JavaThread "/127.0.0.1:10122 to /127.0.0.1:10030 workers Thread 3" [_thread_in_native, id=35268, stack(0x000000001b090000,0x000000001b190000)]
  0x000000001a624800 JavaThread "/127.0.0.1:10122 to /127.0.0.1:10030 workers Thread 2" [_thread_blocked, id=35216, stack(0x000000001af90000,0x000000001b090000)]
  0x000000001a99d000 JavaThread "Test worker" [_thread_in_native, id=33940, stack(0x000000001ae70000,0x000000001af70000)]
  0x00000000167ad000 JavaThread "Service Thread" daemon [_thread_blocked, id=23188, stack(0x00000000193a0000,0x00000000194a0000)]
  0x0000000016733000 JavaThread "C1 CompilerThread11" daemon [_thread_blocked, id=32160, stack(0x00000000191a0000,0x00000000192a0000)]
  0x0000000016718800 JavaThread "C1 CompilerThread10" daemon [_thread_blocked, id=23812, stack(0x00000000190a0000,0x00000000191a0000)]
  0x00000000166f7800 JavaThread "C1 CompilerThread9" daemon [_thread_blocked, id=32876, stack(0x0000000018fa0000,0x00000000190a0000)]
  0x00000000166ef000 JavaThread "C1 CompilerThread8" daemon [_thread_blocked, id=35352, stack(0x0000000018ea0000,0x0000000018fa0000)]
  0x00000000166ea000 JavaThread "C2 CompilerThread7" daemon [_thread_blocked, id=29460, stack(0x0000000018da0000,0x0000000018ea0000)]
  0x00000000166e9000 JavaThread "C2 CompilerThread6" daemon [_thread_blocked, id=30040, stack(0x0000000018ca0000,0x0000000018da0000)]
  0x00000000166de800 JavaThread "C2 CompilerThread5" daemon [_thread_blocked, id=32408, stack(0x0000000018ba0000,0x0000000018ca0000)]
  0x00000000166d8800 JavaThread "C2 CompilerThread4" daemon [_thread_blocked, id=34492, stack(0x0000000018aa0000,0x0000000018ba0000)]
  0x00000000166d8000 JavaThread "C2 CompilerThread3" daemon [_thread_blocked, id=35000, stack(0x00000000189a0000,0x0000000018aa0000)]
  0x00000000166d6000 JavaThread "C2 CompilerThread2" daemon [_thread_blocked, id=34224, stack(0x00000000188a0000,0x00000000189a0000)]
  0x00000000166d5800 JavaThread "C2 CompilerThread1" daemon [_thread_blocked, id=20552, stack(0x00000000187a0000,0x00000000188a0000)]
=>0x00000000166d2000 JavaThread "C2 CompilerThread0" daemon [_thread_in_native, id=20944, stack(0x00000000186a0000,0x00000000187a0000)]
  0x00000000166d0800 JavaThread "Attach Listener" daemon [_thread_blocked, id=30820, stack(0x00000000185a0000,0x00000000186a0000)]
  0x00000000166d0000 JavaThread "Signal Dispatcher" daemon [_thread_blocked, id=31748, stack(0x00000000184a0000,0x00000000185a0000)]
  0x000000001662e000 JavaThread "Finalizer" daemon [_thread_blocked, id=25028, stack(0x0000000018280000,0x0000000018380000)]
  0x0000000014975800 JavaThread "Reference Handler" daemon [_thread_blocked, id=15876, stack(0x0000000018180000,0x0000000018280000)]
  0x0000000002902800 JavaThread "main" [_thread_blocked, id=9552, stack(0x0000000002800000,0x0000000002900000)]

Other Threads:
  0x0000000016604000 VMThread [stack: 0x0000000018080000,0x0000000018180000] [id=7016]
  0x0000000016819000 WatcherThread [stack: 0x00000000194a0000,0x00000000195a0000] [id=35412]

VM state:not at safepoint (normal execution)

VM Mutex/Monitor currently owned by a thread: None

Heap:
 PSYoungGen      total 153088K, used 25871K [0x00000000f5580000, 0x0000000100000000, 0x0000000100000000)
  eden space 131584K, 14% used [0x00000000f5580000,0x00000000f682bec0,0x00000000fd600000)
  from space 21504K, 31% used [0x00000000fd600000,0x00000000fdc980b0,0x00000000feb00000)
  to   space 21504K, 0% used [0x00000000feb00000,0x00000000feb00000,0x0000000100000000)
 ParOldGen       total 210432K, used 29476K [0x00000000e0000000, 0x00000000ecd80000, 0x00000000f5580000)
  object space 210432K, 14% used [0x00000000e0000000,0x00000000e1cc92f0,0x00000000ecd80000)
 Metaspace       used 74534K, capacity 79039K, committed 79360K, reserved 1118208K
  class space    used 10607K, capacity 11412K, committed 11520K, reserved 1048576K

Card table byte_map: [0x0000000011dc0000,0x0000000011ed0000] byte_map_base: 0x00000000116c0000

Marking Bits: (ParMarkBitMap*) 0x0000000074840860
 Begin Bits: [0x0000000012e80000, 0x0000000013680000)
 End Bits:   [0x0000000013680000, 0x0000000013e80000)

Polling page: 0x0000000000a10000

CodeCache: size=245760Kb used=34985Kb max_used=34985Kb free=210774Kb
 bounds [0x0000000002a00000, 0x0000000004c60000, 0x0000000011a00000]
 total_blobs=10865 nmethods=10234 adapters=539
 compilation: enabled

Compilation events (10 events):
Event: 54.552 Thread 0x00000000166ef000 nmethod 11904 0x0000000004c4e610 code [0x0000000004c4e780, 0x0000000004c4e998]
Event: 54.580 Thread 0x00000000166d5800 11905       4       org.springframework.util.LinkedCaseInsensitiveMap$EntryIterator::hasNext (10 bytes)
Event: 54.581 Thread 0x00000000166d5800 nmethod 11905 0x0000000004c4ce50 code [0x0000000004c4cfa0, 0x0000000004c4d038]
Event: 54.582 Thread 0x0000000016718800 11907       3       java.util.logging.LogManager::addLogger (63 bytes)
Event: 54.582 Thread 0x0000000016733000 11906       3       java.util.logging.Logger::<init> (61 bytes)
Event: 54.582 Thread 0x0000000016733000 nmethod 11906 0x0000000004c4d490 code [0x0000000004c4d660, 0x0000000004c4dfc8]
Event: 54.582 Thread 0x0000000016718800 nmethod 11907 0x0000000004c52690 code [0x0000000004c52900, 0x0000000004c53a88]
Event: 54.585 Thread 0x00000000166d2000 11908       4       javax.management.ObjectName::construct (1228 bytes)
Event: 54.585 Thread 0x00000000166f7800 11909       3       org.apache.juli.logging.DirectJDKLog::log (102 bytes)
Event: 54.586 Thread 0x00000000166f7800 nmethod 11909 0x0000000004c51550 code [0x0000000004c51740, 0x0000000004c52248]

GC Heap History (10 events):
Event: 47.661 GC heap before
{Heap before GC invocations=28 (full 3):
 PSYoungGen      total 150528K, used 145312K [0x00000000f5580000, 0x0000000100000000, 0x0000000100000000)
  eden space 128512K, 100% used [0x00000000f5580000,0x00000000fd300000,0x00000000fd300000)
  from space 22016K, 76% used [0x00000000fea80000,0x00000000ffae81a0,0x0000000100000000)
  to   space 23040K, 0% used [0x00000000fd300000,0x00000000fd300000,0x00000000fe980000)
 ParOldGen       total 210432K, used 19311K [0x00000000e0000000, 0x00000000ecd80000, 0x00000000f5580000)
  object space 210432K, 9% used [0x00000000e0000000,0x00000000e12dbee0,0x00000000ecd80000)
 Metaspace       used 74117K, capacity 78567K, committed 78848K, reserved 1116160K
  class space    used 10599K, capacity 11395K, committed 11520K, reserved 1048576K
Event: 47.667 GC heap after
Heap after GC invocations=28 (full 3):
 PSYoungGen      total 151552K, used 13601K [0x00000000f5580000, 0x00000000fff00000, 0x0000000100000000)
  eden space 128512K, 0% used [0x00000000f5580000,0x00000000f5580000,0x00000000fd300000)
  from space 23040K, 59% used [0x00000000fd300000,0x00000000fe0486a0,0x00000000fe980000)
  to   space 22016K, 0% used [0x00000000fe980000,0x00000000fe980000,0x00000000fff00000)
 ParOldGen       total 210432K, used 22096K [0x00000000e0000000, 0x00000000ecd80000, 0x00000000f5580000)
  object space 210432K, 10% used [0x00000000e0000000,0x00000000e15940d0,0x00000000ecd80000)
 Metaspace       used 74117K, capacity 78567K, committed 78848K, reserved 1116160K
  class space    used 10599K, capacity 11395K, committed 11520K, reserved 1048576K
}
Event: 48.972 GC heap before
{Heap before GC invocations=29 (full 3):
 PSYoungGen      total 151552K, used 142113K [0x00000000f5580000, 0x00000000fff00000, 0x0000000100000000)
  eden space 128512K, 100% used [0x00000000f5580000,0x00000000fd300000,0x00000000fd300000)
  from space 23040K, 59% used [0x00000000fd300000,0x00000000fe0486a0,0x00000000fe980000)
  to   space 22016K, 0% used [0x00000000fe980000,0x00000000fe980000,0x00000000fff00000)
 ParOldGen       total 210432K, used 22096K [0x00000000e0000000, 0x00000000ecd80000, 0x00000000f5580000)
  object space 210432K, 10% used [0x00000000e0000000,0x00000000e15940d0,0x00000000ecd80000)
 Metaspace       used 74249K, capacity 78777K, committed 79104K, reserved 1116160K
  class space    used 10600K, capacity 11397K, committed 11520K, reserved 1048576K
Event: 48.977 GC heap after
Heap after GC invocations=29 (full 3):
 PSYoungGen      total 150528K, used 11056K [0x00000000f5580000, 0x00000000ffe00000, 0x0000000100000000)
  eden space 129536K, 0% used [0x00000000f5580000,0x00000000f5580000,0x00000000fd400000)
  from space 20992K, 52% used [0x00000000fe980000,0x00000000ff44c160,0x00000000ffe00000)
  to   space 21504K, 0% used [0x00000000fd400000,0x00000000fd400000,0x00000000fe900000)
 ParOldGen       total 210432K, used 24740K [0x00000000e0000000, 0x00000000ecd80000, 0x00000000f5580000)
  object space 210432K, 11% used [0x00000000e0000000,0x00000000e1829280,0x00000000ecd80000)
 Metaspace       used 74249K, capacity 78777K, committed 79104K, reserved 1116160K
  class space    used 10600K, capacity 11397K, committed 11520K, reserved 1048576K
}
Event: 51.855 GC heap before
{Heap before GC invocations=30 (full 3):
 PSYoungGen      total 150528K, used 140592K [0x00000000f5580000, 0x00000000ffe00000, 0x0000000100000000)
  eden space 129536K, 100% used [0x00000000f5580000,0x00000000fd400000,0x00000000fd400000)
  from space 20992K, 52% used [0x00000000fe980000,0x00000000ff44c160,0x00000000ffe00000)
  to   space 21504K, 0% used [0x00000000fd400000,0x00000000fd400000,0x00000000fe900000)
 ParOldGen       total 210432K, used 24740K [0x00000000e0000000, 0x00000000ecd80000, 0x00000000f5580000)
  object space 210432K, 11% used [0x00000000e0000000,0x00000000e1829280,0x00000000ecd80000)
 Metaspace       used 74342K, capacity 78789K, committed 79104K, reserved 1116160K
  class space    used 10601K, capacity 11401K, committed 11520K, reserved 1048576K
Event: 51.859 GC heap after
Heap after GC invocations=30 (full 3):
 PSYoungGen      total 151040K, used 8656K [0x00000000f5580000, 0x0000000100000000, 0x0000000100000000)
  eden space 129536K, 0% used [0x00000000f5580000,0x00000000f5580000,0x00000000fd400000)
  from space 21504K, 40% used [0x00000000fd400000,0x00000000fdc74100,0x00000000fe900000)
  to   space 21504K, 0% used [0x00000000feb00000,0x00000000feb00000,0x0000000100000000)
 ParOldGen       total 210432K, used 27465K [0x00000000e0000000, 0x00000000ecd80000, 0x00000000f5580000)
  object space 210432K, 13% used [0x00000000e0000000,0x00000000e1ad2550,0x00000000ecd80000)
 Metaspace       used 74342K, capacity 78789K, committed 79104K, reserved 1116160K
  class space    used 10601K, capacity 11401K, committed 11520K, reserved 1048576K
}
Event: 53.231 GC heap before
{Heap before GC invocations=31 (full 3):
 PSYoungGen      total 151040K, used 138192K [0x00000000f5580000, 0x0000000100000000, 0x0000000100000000)
  eden space 129536K, 100% used [0x00000000f5580000,0x00000000fd400000,0x00000000fd400000)
  from space 21504K, 40% used [0x00000000fd400000,0x00000000fdc74100,0x00000000fe900000)
  to   space 21504K, 0% used [0x00000000feb00000,0x00000000feb00000,0x0000000100000000)
 ParOldGen       total 210432K, used 27465K [0x00000000e0000000, 0x00000000ecd80000, 0x00000000f5580000)
  object space 210432K, 13% used [0x00000000e0000000,0x00000000e1ad2550,0x00000000ecd80000)
 Metaspace       used 74422K, capacity 78923K, committed 79104K, reserved 1116160K
  class space    used 10601K, capacity 11403K, committed 11520K, reserved 1048576K
Event: 53.236 GC heap after
Heap after GC invocations=31 (full 3):
 PSYoungGen      total 153088K, used 7664K [0x00000000f5580000, 0x0000000100000000, 0x0000000100000000)
  eden space 131584K, 0% used [0x00000000f5580000,0x00000000f5580000,0x00000000fd600000)
  from space 21504K, 35% used [0x00000000feb00000,0x00000000ff27c0c0,0x0000000100000000)
  to   space 21504K, 0% used [0x00000000fd600000,0x00000000fd600000,0x00000000feb00000)
 ParOldGen       total 210432K, used 28860K [0x00000000e0000000, 0x00000000ecd80000, 0x00000000f5580000)
  object space 210432K, 13% used [0x00000000e0000000,0x00000000e1c2f3e0,0x00000000ecd80000)
 Metaspace       used 74422K, capacity 78923K, committed 79104K, reserved 1116160K
  class space    used 10601K, capacity 11403K, committed 11520K, reserved 1048576K
}
Event: 54.536 GC heap before
{Heap before GC invocations=32 (full 3):
 PSYoungGen      total 153088K, used 139248K [0x00000000f5580000, 0x0000000100000000, 0x0000000100000000)
  eden space 131584K, 100% used [0x00000000f5580000,0x00000000fd600000,0x00000000fd600000)
  from space 21504K, 35% used [0x00000000feb00000,0x00000000ff27c0c0,0x0000000100000000)
  to   space 21504K, 0% used [0x00000000fd600000,0x00000000fd600000,0x00000000feb00000)
 ParOldGen       total 210432K, used 28860K [0x00000000e0000000, 0x00000000ecd80000, 0x00000000f5580000)
  object space 210432K, 13% used [0x00000000e0000000,0x00000000e1c2f3e0,0x00000000ecd80000)
 Metaspace       used 74534K, capacity 79039K, committed 79360K, reserved 1118208K
  class space    used 10607K, capacity 11412K, committed 11520K, reserved 1048576K
Event: 54.540 GC heap after
Heap after GC invocations=32 (full 3):
 PSYoungGen      total 153088K, used 6752K [0x00000000f5580000, 0x0000000100000000, 0x0000000100000000)
  eden space 131584K, 0% used [0x00000000f5580000,0x00000000f5580000,0x00000000fd600000)
  from space 21504K, 31% used [0x00000000fd600000,0x00000000fdc980b0,0x00000000feb00000)
  to   space 21504K, 0% used [0x00000000feb00000,0x00000000feb00000,0x0000000100000000)
 ParOldGen       total 210432K, used 29476K [0x00000000e0000000, 0x00000000ecd80000, 0x00000000f5580000)
  object space 210432K, 14% used [0x00000000e0000000,0x00000000e1cc92f0,0x00000000ecd80000)
 Metaspace       used 74534K, capacity 79039K, committed 79360K, reserved 1118208K
  class space    used 10607K, capacity 11412K, committed 11520K, reserved 1048576K
}

Deoptimization events (10 events):
Event: 37.883 Thread 0x000000001a99d000 Uncommon trap: reason=null_check action=make_not_entrant pc=0x0000000002db787c method=org.springframework.beans.factory.support.DefaultListableBeanFactory.getBeanDefinition(Ljava/lang/String;)Lorg/springframework/beans/factory/config/BeanDefinition; @ 10
Event: 38.050 Thread 0x000000001a99d000 Uncommon trap: reason=predicate action=maybe_recompile pc=0x000000000469f11c method=org.springframework.util.AntPathMatcher.skipSegment(Ljava/lang/String;ILjava/lang/String;)I @ 15
Event: 38.063 Thread 0x000000001a99d000 Uncommon trap: reason=class_check action=maybe_recompile pc=0x0000000003952ea4 method=org.springframework.beans.factory.support.AbstractBeanDefinition.hasBeanClass()Z @ 4
Event: 39.605 Thread 0x000000001b90d800 Uncommon trap: reason=unstable_if action=reinterpret pc=0x00000000033dea80 method=java.nio.Buffer.limit(I)Ljava/nio/Buffer; @ 33
Event: 51.840 Thread 0x000000001b911800 Uncommon trap: reason=unstable_if action=reinterpret pc=0x00000000048e1ed8 method=java.nio.channels.spi.AbstractSelector.begin()V @ 34
Event: 52.243 Thread 0x000000001a99d000 Uncommon trap: reason=null_check action=make_not_entrant pc=0x0000000002fef8dc method=org.springframework.context.support.PropertySourcesPlaceholderConfigurer.lambda$processProperties$0(Lorg/springframework/core/env/ConfigurablePropertyResolver;Ljava/lang
Event: 54.413 Thread 0x000000001b913000 Uncommon trap: reason=unstable_if action=reinterpret pc=0x0000000004a2c5cc method=org.springframework.util.ReflectionUtils.lambda$static$0(Ljava/lang/reflect/Method;)Z @ 11
Event: 54.413 Thread 0x000000001b913000 Uncommon trap: reason=unstable_if action=reinterpret pc=0x00000000035deea0 method=org.springframework.core.annotation.AnnotationsScanner.isWithoutHierarchy(Ljava/lang/reflect/AnnotatedElement;Lorg/springframework/core/annotation/MergedAnnotations$SearchSt
Event: 54.413 Thread 0x000000001b913000 Uncommon trap: reason=unstable_if action=reinterpret pc=0x0000000003668db8 method=org.springframework.core.annotation.AnnotationsScanner.isWithoutHierarchy(Ljava/lang/reflect/AnnotatedElement;Lorg/springframework/core/annotation/MergedAnnotations$SearchSt
Event: 54.413 Thread 0x000000001b913000 Uncommon trap: reason=unstable_if action=reinterpret pc=0x0000000004063c68 method=org.springframework.core.annotation.AnnotationsScanner.isWithoutHierarchy(Ljava/lang/reflect/AnnotatedElement;Lorg/springframework/core/annotation/MergedAnnotations$SearchSt

Classes redefined (0 events):
No events

Internal exceptions (10 events):
Event: 54.543 Thread 0x000000001a99d000 Exception <a 'java/security/PrivilegedActionException'> (0x00000000f5635ad8) thrown at [C:\re\workspace\8-2-build-windows-amd64-cygwin\jdk8u152\9742\hotspot\src\share\vm\prims\jvm.cpp, line 1390]
Event: 54.544 Thread 0x000000001a99d000 Exception <a 'java/security/PrivilegedActionException'> (0x00000000f5686868) thrown at [C:\re\workspace\8-2-build-windows-amd64-cygwin\jdk8u152\9742\hotspot\src\share\vm\prims\jvm.cpp, line 1390]
Event: 54.544 Thread 0x000000001a99d000 Exception <a 'java/security/PrivilegedActionException'> (0x00000000f5687400) thrown at [C:\re\workspace\8-2-build-windows-amd64-cygwin\jdk8u152\9742\hotspot\src\share\vm\prims\jvm.cpp, line 1390]
Event: 54.563 Thread 0x000000001a99d000 Exception <a 'java/security/PrivilegedActionException'> (0x00000000f5c43030) thrown at [C:\re\workspace\8-2-build-windows-amd64-cygwin\jdk8u152\9742\hotspot\src\share\vm\prims\jvm.cpp, line 1390]
Event: 54.563 Thread 0x000000001a99d000 Exception <a 'java/security/PrivilegedActionException'> (0x00000000f5c43db0) thrown at [C:\re\workspace\8-2-build-windows-amd64-cygwin\jdk8u152\9742\hotspot\src\share\vm\prims\jvm.cpp, line 1390]
Event: 54.564 Thread 0x000000001a99d000 Exception <a 'java/security/PrivilegedActionException'> (0x00000000f5c670b8) thrown at [C:\re\workspace\8-2-build-windows-amd64-cygwin\jdk8u152\9742\hotspot\src\share\vm\prims\jvm.cpp, line 1390]
Event: 54.564 Thread 0x000000001a99d000 Exception <a 'java/security/PrivilegedActionException'> (0x00000000f5c67e38) thrown at [C:\re\workspace\8-2-build-windows-amd64-cygwin\jdk8u152\9742\hotspot\src\share\vm\prims\jvm.cpp, line 1390]
Event: 54.564 Thread 0x000000001a99d000 Exception <a 'java/security/PrivilegedActionException'> (0x00000000f5c8b170) thrown at [C:\re\workspace\8-2-build-windows-amd64-cygwin\jdk8u152\9742\hotspot\src\share\vm\prims\jvm.cpp, line 1390]
Event: 54.564 Thread 0x000000001a99d000 Exception <a 'java/security/PrivilegedActionException'> (0x00000000f5c8bef0) thrown at [C:\re\workspace\8-2-build-windows-amd64-cygwin\jdk8u152\9742\hotspot\src\share\vm\prims\jvm.cpp, line 1390]
Event: 54.584 Thread 0x000000001a99d000 Exception <a 'java/io/FileNotFoundException'> (0x00000000f6317a90) thrown at [C:\re\workspace\8-2-build-windows-amd64-cygwin\jdk8u152\9742\hotspot\src\share\vm\prims\jni.cpp, line 709]

Events (10 events):
Event: 54.579 loading class com/fasterxml/jackson/datatype/joda$JodaModule
Event: 54.579 loading class com/fasterxml/jackson/datatype/joda$JodaModule done
Event: 54.579 loading class com/fasterxml/jackson/module/kotlin/KotlinModule
Event: 54.579 loading class com/fasterxml/jackson/module/kotlin/KotlinModule done
Event: 54.580 loading class com/fasterxml/jackson/module/kotlin$KotlinModule
Event: 54.580 loading class com/fasterxml/jackson/module/kotlin$KotlinModule done
Event: 54.585 Thread 0x000000001b913000 Thread added: 0x000000001b913000
Event: 54.585 Thread 0x000000001b911800 Thread added: 0x000000001b911800
Event: 54.600 Thread 0x000000001b913800 Thread added: 0x000000001b913800
Event: 54.601 Thread 0x000000001b90e800 Thread added: 0x000000001b90e800


Dynamic libraries:
0x00007ff6f0cb0000 - 0x00007ff6f0ce7000 	D:\Program Files\Java\jdk1.8.0_152\bin\java.exe
0x00007fffc1730000 - 0x00007fffc1944000 	C:\WINDOWS\SYSTEM32\ntdll.dll
0x00007fffc03c0000 - 0x00007fffc0483000 	C:\WINDOWS\System32\KERNEL32.DLL
0x00007fffbec80000 - 0x00007fffbf01c000 	C:\WINDOWS\System32\KERNELBASE.dll
0x00007fffc1520000 - 0x00007fffc15ce000 	C:\WINDOWS\System32\ADVAPI32.dll
0x00007fffc01f0000 - 0x00007fffc0297000 	C:\WINDOWS\System32\msvcrt.dll
0x00007fffbfed0000 - 0x00007fffbff74000 	C:\WINDOWS\System32\sechost.dll
0x00007fffc15d0000 - 0x00007fffc16e5000 	C:\WINDOWS\System32\RPCRT4.dll
0x00007fffbf540000 - 0x00007fffbf6ed000 	C:\WINDOWS\System32\USER32.dll
0x00007fffbf020000 - 0x00007fffbf046000 	C:\WINDOWS\System32\win32u.dll
0x00007fffc01c0000 - 0x00007fffc01e9000 	C:\WINDOWS\System32\GDI32.dll
0x00007fffbf170000 - 0x00007fffbf283000 	C:\WINDOWS\System32\gdi32full.dll
0x00007fffbebe0000 - 0x00007fffbec7a000 	C:\WINDOWS\System32\msvcp_win.dll
0x00007fffbf050000 - 0x00007fffbf161000 	C:\WINDOWS\System32\ucrtbase.dll
0x00007fffaf920000 - 0x00007fffafbae000 	C:\WINDOWS\WinSxS\amd64_microsoft.windows.common-controls_6595b64144ccf1df_6.0.22621.608_none_a9444ca7c10bb01d\COMCTL32.dll
0x00007fffc04b0000 - 0x00007fffc04e1000 	C:\WINDOWS\System32\IMM32.DLL
0x00000000748c0000 - 0x0000000074992000 	D:\Program Files\Java\jdk1.8.0_152\jre\bin\msvcr100.dll
0x0000000074020000 - 0x00000000748c0000 	D:\Program Files\Java\jdk1.8.0_152\jre\bin\server\jvm.dll
0x00007fffc1250000 - 0x00007fffc1258000 	C:\WINDOWS\System32\PSAPI.DLL
0x00007fffb19d0000 - 0x00007fffb1a04000 	C:\WINDOWS\SYSTEM32\WINMM.dll
0x00007fffb8520000 - 0x00007fffb8529000 	C:\WINDOWS\SYSTEM32\WSOCK32.dll
0x00007fffc11d0000 - 0x00007fffc1241000 	C:\WINDOWS\System32\WS2_32.dll
0x00007fffb7cb0000 - 0x00007fffb7cba000 	C:\WINDOWS\SYSTEM32\VERSION.dll
0x0000000074010000 - 0x000000007401f000 	D:\Program Files\Java\jdk1.8.0_152\jre\bin\verify.dll
0x0000000073fe0000 - 0x0000000074009000 	D:\Program Files\Java\jdk1.8.0_152\jre\bin\java.dll
0x0000000073fc0000 - 0x0000000073fd6000 	D:\Program Files\Java\jdk1.8.0_152\jre\bin\zip.dll
0x00007fffc0970000 - 0x00007fffc1160000 	C:\WINDOWS\System32\SHELL32.dll
0x00007fffbcb30000 - 0x00007fffbd3fe000 	C:\WINDOWS\SYSTEM32\windows.storage.dll
0x00007fffbf6f0000 - 0x00007fffbfa79000 	C:\WINDOWS\System32\combase.dll
0x00007fffbc9f0000 - 0x00007fffbcb2e000 	C:\WINDOWS\SYSTEM32\wintypes.dll
0x00007fffbff80000 - 0x00007fffc0071000 	C:\WINDOWS\System32\SHCORE.dll
0x00007fffc1170000 - 0x00007fffc11ce000 	C:\WINDOWS\System32\shlwapi.dll
0x00007fffbeaa0000 - 0x00007fffbeac1000 	C:\WINDOWS\SYSTEM32\profapi.dll
0x0000000073fa0000 - 0x0000000073fba000 	D:\Program Files\Java\jdk1.8.0_152\jre\bin\net.dll
0x00007fffbe0d0000 - 0x00007fffbe139000 	C:\WINDOWS\system32\mswsock.dll
0x0000000073f80000 - 0x0000000073f91000 	D:\Program Files\Java\jdk1.8.0_152\jre\bin\nio.dll
0x00007fffbe320000 - 0x00007fffbe33b000 	C:\WINDOWS\SYSTEM32\CRYPTSP.dll
0x00007fffbdbe0000 - 0x00007fffbdc15000 	C:\WINDOWS\system32\rsaenh.dll
0x00007fffbe170000 - 0x00007fffbe198000 	C:\WINDOWS\SYSTEM32\USERENV.dll
0x00007fffbe520000 - 0x00007fffbe548000 	C:\WINDOWS\SYSTEM32\bcrypt.dll
0x00007fffbf4c0000 - 0x00007fffbf53b000 	C:\WINDOWS\System32\bcryptprimitives.dll
0x00007fffbe2e0000 - 0x00007fffbe2ec000 	C:\WINDOWS\SYSTEM32\CRYPTBASE.dll
0x00007fffbd650000 - 0x00007fffbd67d000 	C:\WINDOWS\SYSTEM32\IPHLPAPI.DLL
0x00007fffbfdc0000 - 0x00007fffbfdc9000 	C:\WINDOWS\System32\NSI.dll
0x00007fffb9160000 - 0x00007fffb9179000 	C:\WINDOWS\SYSTEM32\dhcpcsvc6.DLL
0x00007fffb9140000 - 0x00007fffb915f000 	C:\WINDOWS\SYSTEM32\dhcpcsvc.DLL
0x00007fffbd680000 - 0x00007fffbd773000 	C:\WINDOWS\SYSTEM32\DNSAPI.dll
0x0000000073f70000 - 0x0000000073f7d000 	D:\Program Files\Java\jdk1.8.0_152\jre\bin\management.dll
0x00007fffaded0000 - 0x00007fffadee7000 	C:\WINDOWS\system32\napinsp.dll
0x00007fffae830000 - 0x00007fffae84b000 	C:\WINDOWS\system32\pnrpnsp.dll
0x00007fffae2d0000 - 0x00007fffae2e1000 	C:\WINDOWS\System32\winrnr.dll
0x00007fffae110000 - 0x00007fffae125000 	C:\WINDOWS\system32\wshbth.dll
0x00007fffae0d0000 - 0x00007fffae0f1000 	C:\WINDOWS\system32\nlansp_c.dll
0x00007fffb7f10000 - 0x00007fffb7f1a000 	C:\Windows\System32\rasadhlp.dll
0x00007fffb8ca0000 - 0x00007fffb8d23000 	C:\WINDOWS\System32\fwpuclnt.dll
0x0000000073f40000 - 0x0000000073f64000 	D:\Program Files\Java\jdk1.8.0_152\jre\bin\sunec.dll

VM Arguments:
jvm_args: -Dio.netty.leakDetection.level=paranoid -Djava.awt.headless=true -Djava.security.manager=worker.org.gradle.process.internal.worker.child.BootstrapSecurityManager -Dorg.gradle.native=false -DtestGroups -Xmx512m -Dfile.encoding=GBK -Duser.country=SG -Duser.language=zh -Duser.variant -ea 
java_command: worker.org.gradle.process.internal.worker.GradleWorkerMain 'Gradle Test Executor 16'
java_class_path (initial): D:\Program\gradle-7.4.1\repo\caches\5.6.4\workerMain\gradle-worker.jar
Launcher Type: SUN_STANDARD

Environment Variables:
JAVA_HOME=D:\Program Files\Java\jdk1.8.0_152
CLASSPATH=.;D:\Program Files\Java\jdk1.8.0_152\lib\dt.jar;D:\Program Files\Java\jdk1.8.0_152\lib\tools.jar;
PATH=D:\Program Files\WMware\bin\;D:\Program Files (x86)\VMware\VMware Workstation\bin\;C:\Program Files\Common Files\Oracle\Java\javapath;C:\ProgramData\Oracle\Java\javapath;C:\Windows\system32;C:\Windows;C:\Windows\System32\Wbem;C:\Windows\System32\WindowsPowerShell\v1.0\;C:\Windows\System32\OpenSSH\;C:\Program Files (x86)\NVIDIA Corporation\PhysX\Common;C:\Program Files\NVIDIA Corporation\NVIDIA NvDLISR;D:\Program Files\Java\jdk1.8.0_152\bin;D:\Program Files\Java\jdk1.8.0_152\jre\bin;D:\Program\apache-maven-3.8.4\bin;C:\Program Files (x86)\dotnet\;C:\Program Files\dotnet\;D:\Program\gradle-7.4.1\bin;D:\Pro;ram Files\lua;C:\Program Files\dotnet;D:\Program Files\Git\cmd;C:\WINDOWS\system32;C:\WINDOWS;C:\WINDOWS\System32\Wbem;C:\WINDOWS\System32\WindowsPowerShell\v1.0\;C:\WINDOWS\System32\OpenSSH\;D:\Program\Scala\scala-2.11.12\bin;C:\Program Files\nodejs;C:\Program Files\nodejs\node_global;;D:\Program Files (x86)\Tencent\微信web开发者工具\dll;C:\Users\wenbo\AppData\Local\Programs\Python\Python310\Scripts\;C:\Users\wenbo\AppData\Local\Programs\Python\Python310\;C:\Users\wenbo\AppData\Local\Microsoft\WindowsApps;D:\Program Files\Microsoft VS Code\bin;C:\Users\wenbo\.dotnet\tools;D:\Program Files\Bandizip\;C:\Users\wenbo\AppData\Local\JetBrains\Toolbox\scripts;C:\Users\wenbo\AppData\Roaming\npm;C:\Users\wenbo\AppData\Roaming\Microsoft\Windows\Start Menu\Programs\Python 3.10;
USERNAME=李文博
OS=Windows_NT
PROCESSOR_IDENTIFIER=Intel64 Family 6 Model 154 Stepping 3, GenuineIntel



---------------  S Y S T E M  ---------------

OS: Windows 10.0 , 64 bit Build 22621 (10.0.22621.1344)

CPU:total 20 (initial active 20) (10 cores per cpu, 2 threads per core) family 6 model 154 stepping 3, cmov, cx8, fxsr, mmx, sse, sse2, sse3, ssse3, sse4.1, sse4.2, popcnt, avx, avx2, aes, clmul, erms, 3dnowpref, lzcnt, ht, tsc, tscinvbit, bmi1, bmi2, adx

Memory: 4k page, physical 16564728k(1435952k free), swap 32293364k(80348k free)

vm_info: Java HotSpot(TM) 64-Bit Server VM (25.152-b16) for windows-amd64 JRE (1.8.0_152-b16), built on Sep 14 2017 02:29:36 by "java_re" with MS VC++ 10.0 (VS2010)

time: Sat Mar 18 10:31:59 2023
elapsed time: 54 seconds (0d 0h 0m 54s)

